
// ==========================================================================
//  GPPG error listing for yacc source file <ConfigParser\Config.Language.grammar.y - 24-03-2016 23:01:46>
// ==========================================================================
//  Version:  1.5.2
//  Machine:  JORN-PC
//  DateTime: 24-03-2016 23:01:48
//  UserName: Jorn
// ==========================================================================


%namespace ZimmerBot.Core.ConfigParser
%using ZimmerBot.Core.WordRegex
%using ZimmerBot.Core.Expressions
%partial
%parsertype ConfigParser
%visibility internal
%tokentype Token

%union { 
  public OutputStatement output;
  public List<OutputStatement> outputList;
  public WRegex regex;
  public Expression expr;
  public KeyValuePair<string,string> template;
  public List<Expression> exprList;
  public List<string> stringList;
  public string s;
}

%start main

%token T_ABSTRACTION
%token T_CALL
%token T_IMPLIES
%token T_COMMA
%token T_PIPE
%token T_LPAR
%token T_RPAR
%token T_LBRACE
%token T_RBRACE
%token T_AMP
%token T_OUTPUT
%token T_WORD
%token T_STRING

%left T_EXCL, T_GT, T_COLON
%left T_EQU
%left T_PLUS, T_STAR
%left T_DOT

%%
// Warning: NonTerminal symbol "inputPatternSeq" is unreachable
// ------------------------------------------------------------

main
  : statementSeq
  ;

statementSeq
  : statementSeq statement
  | /* empty */
  ;

statement
  : configuration
  | rule
  ;

configuration
  : T_EXCL T_ABSTRACTION wordSeq T_IMPLIES wordSeq { RegisterAbstractions($3.stringList, $5.stringList); }
  ;

rule
  : input condition outputSeq
    { 
      Knowledge.Rule r = Domain.AddRule($1.regex);
      if ($2.outputList != null)
        r.WithOutputStatements($2.outputList);
    }
  ;

/******************************************************************************
  INPUT
******************************************************************************/

input
  : T_GT inputPattern { $$.regex = $2.regex; }
  | T_GT              { $$.regex = null; }
  ;

inputPatternSeq
  : inputPatternSeq inputPattern { ((SequenceWRegex)$1.regex).Add($2.regex); }
  | /* empty */                  { $$.regex = new SequenceWRegex(); }
  ;

inputPattern
  : inputPattern inputPattern 
      { $$.regex = CombineSequence($1.regex, $2.regex); }
  | inputPattern T_PIPE inputPattern
      { $$.regex = new ChoiceWRegex($1.regex, $3.regex); }
  | T_LPAR inputPattern T_RPAR
      { $$.regex = new GroupWRegex($2.regex); }
  | T_WORD     
      { $$.regex = new WordWRegex($1.s); }
  | T_STAR
      { $$.regex = new RepetitionWRegex(new WildcardWRegex()); }
  | T_PLUS
      { $$.regex =  new RepetitionWRegex(new WildcardWRegex(), 1, 9999); }
  ;


/******************************************************************************
  CONDITION
******************************************************************************/

condition
  : T_AMP expr
  ;


/******************************************************************************
  OUTPUT
******************************************************************************/

outputSeq
  : outputSeq output  { $1.outputList.Add($2.output); $$ = $1; }
  | /* empty */       { $$.outputList = new List<OutputStatement>(); }
  ;

output
  : outputPattern { $$.output = new TemplateOutputStatement($1.template); }
  | call          { $$.output = new CallOutputStatment($1.expr as FunctionCallExpr); }
  ;

outputPattern
  : T_COLON  
      { ((ConfigScanner)Scanner).StringInput = new StringBuilder(); ((ConfigScanner)Scanner).BEGIN(2); } 
    T_OUTPUT 
      { $$.template = new KeyValuePair<string,string>("default", ((ConfigScanner)Scanner).StringInput.ToString().Trim()); }
  | T_LBRACE T_WORD T_RBRACE T_COLON 
      { ((ConfigScanner)Scanner).StringInput = new StringBuilder(); ((ConfigScanner)Scanner).BEGIN(2); } 
    T_OUTPUT 
      { $$.template = new KeyValuePair<string,string>($2.s, ((ConfigScanner)Scanner).StringInput.ToString().Trim()); }
  ;

call
  : T_EXCL T_CALL exprReference T_LPAR exprSeq T_RPAR { $$.expr = new FunctionCallExpr($3.s, $5.exprList); }
  ;


/******************************************************************************
  EXPRESSION
******************************************************************************/

exprSeq
  : exprSeq2    { $$ = $1; }
  | /* empty */ { $$.exprList = new List<Expression>(); }
  ;

exprSeq2
  : exprSeq2 T_COMMA expr { $1.exprList.Add($3.expr); $$ = $1; }
  | expr                 { $$.exprList = new List<Expression>(); $$.exprList.Add($1.expr); }
  ;

expr
  : exprBinary { $$ = $1; }
  | exprUnary  { $$ = $1; }
  ;

exprBinary
  : expr T_EQU expr { $$.expr = new BinaryOperatorExpr($1.expr, $2.expr, BinaryOperatorExpr.OperatorType.Equals); }
  ;

exprUnary
  : exprIdentifier { $$ = $1; }
  | T_STRING       { $$.expr = new ConstantValueExpr($1.s); }
  ;

exprIdentifier
  : exprReference { $$.expr = new IdentifierExpr($1.s); }
  ;

exprReference
  : exprReference T_DOT T_WORD { $$.s = $1.s + "." + $3.s; }
  | T_WORD                     { $$.s = $1.s; }
  ;

/******************************************************************************
  OTHER
******************************************************************************/

wordSeq
  : wordSeq T_COMMA T_WORD { $$.stringList.Add($3.s); }
  | T_WORD                 { $$.stringList = new List<string>(); $$.stringList.Add($1.s); }
  ;

%%// ==========================================================================

