
// ==========================================================================
//  GPLEX error listing for lex source file <Template.Language.analyzer.lex>
// ==========================================================================
//  Version:  1.2.2
//  Machine:  JORN-PC
//  DateTime: 13-02-2019 23:18:31
//  UserName: Jorn
// ==========================================================================


%namespace ZimmerBot.Core.TemplateParser
%scannertype TemplateScanner
%visibility internal
%tokentype Token

%option stack, minimize, parser, verbose, persistbuffer, noembedbuffers 

%{
%}

%x variant

%%

\<\<[ \t]*   { return (int)Token.T_LRTAG; }
[ \t]*\>\>   { return (int)Token.T_RRTAG; }
[^<>]+       { yylval.s = yytext; return (int)Token.T_TEXT; }
\<\(         { return (int)Token.T_LVTAG; }
\<           { yylval.s = yytext; return (int)Token.T_TEXT; }
\>           { yylval.s = yytext; return (int)Token.T_TEXT; }

<variant>\|     { return (int)Token.T_PIPE; }
<variant>[^\|]* { yylval.s = yytext; return (int)Token.T_TEXT; }
//-------^^^^^^
// Warning: This pattern always overrides "\)\>" 
// ----------------------------------------------
<variant>\)\>   { return (int)Token.T_RVTAG; }
//-------^^^^
// Warning: This pattern always overridden by "[^\|]*" 
// ----------------------------------------------------

%%// ==========================================================================

